2026-03-12T15:23:51.832+05:30  INFO 35952 --- [main] com.siemshield.SiemshieldApplication     : Starting SiemshieldApplication using Java 17 with PID 35952 (C:\Users\srava\OneDrive\Desktop\gopi\siemshield\target\classes started by srava in C:\Users\srava\OneDrive\Desktop\gopi\siemshield)
2026-03-12T15:23:51.835+05:30  INFO 35952 --- [main] com.siemshield.SiemshieldApplication     : No active profile set, falling back to 1 default profile: "default"
2026-03-12T15:23:52.586+05:30  INFO 35952 --- [main] .s.d.r.c.RepositoryConfigurationDelegate : Bootstrapping Spring Data JPA repositories in DEFAULT mode.
2026-03-12T15:23:52.680+05:30  INFO 35952 --- [main] .s.d.r.c.RepositoryConfigurationDelegate : Finished Spring Data repository scanning in 82 ms. Found 1 JPA repository interface.
2026-03-12T15:23:53.386+05:30  INFO 35952 --- [main] o.s.b.w.embedded.tomcat.TomcatWebServer  : Tomcat initialized with port 8080 (http)
2026-03-12T15:23:53.404+05:30  INFO 35952 --- [main] o.apache.catalina.core.StandardService   : Starting service [Tomcat]
2026-03-12T15:23:53.406+05:30  INFO 35952 --- [main] o.apache.catalina.core.StandardEngine    : Starting Servlet engine: [Apache Tomcat/10.1.20]
2026-03-12T15:23:53.510+05:30  INFO 35952 --- [main] o.a.c.c.C.[Tomcat].[localhost].[/]       : Initializing Spring embedded WebApplicationContext
2026-03-12T15:23:53.511+05:30  INFO 35952 --- [main] w.s.c.ServletWebServerApplicationContext : Root WebApplicationContext: initialization completed in 1624 ms
2026-03-12T15:23:53.697+05:30  INFO 35952 --- [main] o.hibernate.jpa.internal.util.LogHelper  : HHH000204: Processing PersistenceUnitInfo [name: default]
2026-03-12T15:23:53.792+05:30  INFO 35952 --- [main] org.hibernate.Version                    : HHH000412: Hibernate ORM core version 6.4.4.Final
2026-03-12T15:23:53.857+05:30  INFO 35952 --- [main] o.h.c.internal.RegionFactoryInitiator    : HHH000026: Second-level cache disabled
2026-03-12T15:23:54.217+05:30  INFO 35952 --- [main] o.s.o.j.p.SpringPersistenceUnitInfo      : No LoadTimeWeaver setup: ignoring JPA class transformer
2026-03-12T15:23:54.261+05:30  INFO 35952 --- [main] com.zaxxer.hikari.HikariDataSource       : HikariPool-1 - Starting...
2026-03-12T15:23:54.768+05:30  INFO 35952 --- [main] com.zaxxer.hikari.pool.HikariPool        : HikariPool-1 - Added connection com.mysql.cj.jdbc.ConnectionImpl@5ed31735
2026-03-12T15:23:54.771+05:30  INFO 35952 --- [main] com.zaxxer.hikari.HikariDataSource       : HikariPool-1 - Start completed.
2026-03-12T15:23:54.866+05:30  WARN 35952 --- [main] org.hibernate.orm.deprecation            : HHH90000025: MySQLDialect does not need to be specified explicitly using 'hibernate.dialect' (remove the property setting and it will be selected by default)
2026-03-12T15:23:55.847+05:30  INFO 35952 --- [main] o.h.e.t.j.p.i.JtaPlatformInitiator       : HHH000489: No JTA platform available (set 'hibernate.transaction.jta.platform' to enable JTA platform integration)
2026-03-12T15:23:55.902+05:30  INFO 35952 --- [main] j.LocalContainerEntityManagerFactoryBean : Initialized JPA EntityManagerFactory for persistence unit 'default'
2026-03-12T15:23:56.192+05:30  WARN 35952 --- [main] JpaBaseConfiguration$JpaWebConfiguration : spring.jpa.open-in-view is enabled by default. Therefore, database queries may be performed during view rendering. Explicitly configure spring.jpa.open-in-view to disable this warning
2026-03-12T15:23:56.227+05:30  INFO 35952 --- [main] o.s.b.a.w.s.WelcomePageHandlerMapping    : Adding welcome page: class path resource [static/index.html]
2026-03-12T15:23:56.634+05:30  INFO 35952 --- [main] o.s.b.w.embedded.tomcat.TomcatWebServer  : Tomcat started on port 8080 (http) with context path ''
2026-03-12T15:23:56.642+05:30  INFO 35952 --- [main] com.siemshield.SiemshieldApplication     : Started SiemshieldApplication in 5.376 seconds (process running for 5.761)
2026-03-12T15:24:22.325+05:30  INFO 35952 --- [http-nio-8080-exec-1] o.a.c.c.C.[Tomcat].[localhost].[/]       : Initializing Spring DispatcherServlet 'dispatcherServlet'
2026-03-12T15:24:22.327+05:30  INFO 35952 --- [http-nio-8080-exec-1] o.s.web.servlet.DispatcherServlet        : Initializing Servlet 'dispatcherServlet'
2026-03-12T15:24:22.329+05:30  INFO 35952 --- [http-nio-8080-exec-1] o.s.web.servlet.DispatcherServlet        : Completed initialization in 1 ms
